[debug] [2023-02-23T18:11:13.621Z] ----------------------------------------------------------------------
[debug] [2023-02-23T18:11:13.623Z] Command:       C:\Program Files\nodejs\node.exe C:\Users\aayus\AppData\Roaming\npm\node_modules\firebase-tools\lib\bin\firebase.js init
[debug] [2023-02-23T18:11:13.624Z] CLI Version:   11.23.1
[debug] [2023-02-23T18:11:13.624Z] Platform:      win32
[debug] [2023-02-23T18:11:13.624Z] Node Version:  v16.13.2
[debug] [2023-02-23T18:11:13.625Z] Time:          Thu Feb 23 2023 23:41:13 GMT+0530 (India Standard Time)
[debug] [2023-02-23T18:11:13.625Z] ----------------------------------------------------------------------
[debug] 
[debug] [2023-02-23T18:11:13.638Z] > command requires scopes: ["email","openid","https://www.googleapis.com/auth/cloudplatformprojects.readonly","https://www.googleapis.com/auth/firebase","https://www.googleapis.com/auth/cloud-platform"]
[debug] [2023-02-23T18:11:13.638Z] > authorizing via signed-in user (aayushchauhan176@gmail.com)
[info] 
     ######## #### ########  ######## ########     ###     ######  ########
     ##        ##  ##     ## ##       ##     ##  ##   ##  ##       ##
     ######    ##  ########  ######   ########  #########  ######  ######
     ##        ##  ##    ##  ##       ##     ## ##     ##       ## ##
     ##       #### ##     ## ######## ########  ##     ##  ######  ########

You're about to initialize a Firebase project in this directory:

  C:\E-Ration Project\e-ration

Before we get started, keep in mind:

  * You are currently outside your home directory

